<?xml version="1.0" encoding="UTF-8"?>
<!-- Generated by org.testng.reporters.JUnitXMLReporter -->
<testsuite hostname="LAPTOP-NQLQBL88" ignored="0" name="Command line test" tests="2" failures="1" timestamp="13 Apr 2019 16:19:38 GMT" time="0.181" errors="0">
  <testcase name="TagNames" time="0.149" classname="co.pragra.SelXpath.XpathTest"/>
  <testcase name="testTitle" time="0.009" classname="co.pragra.SelXpath.XpathTest">
    <failure type="java.lang.AssertionError" message="expected [true] but found [false]">
      <![CDATA[java.lang.AssertionError: expected [true] but found [false]
	at co.pragra.SelXpath.XpathTest.testTitle(XpathTest.java:33)
... Removed 38 stack frames]]>
    </failure>
  </testcase> <!-- testTitle -->
</testsuite> <!-- Command line test -->
